Arguments: 
  C:\Program Files\nodejs\node.exe E:\Users\Administrator\AppData\Roaming\npm\node_modules\yarn\bin\yarn.js add @vitejs/plugin-vue@1.1.5 --dev

PATH: 
  C:\Program Files (x86)\VMware\VMware Workstation\bin\;C:\Python310\Scripts\;C:\Python310\;C:\Program Files (x86)\NAT Service;C:\Program Files (x86)\Common Files\Intel\Shared Libraries\redist\intel64\compiler;C:\Windows\system32;C:\Windows;C:\Windows\System32\Wbem;C:\Windows\System32\WindowsPowerShell\v1.0\;C:\Windows\System32\OpenSSH\;C:\Program Files\Microsoft VS Code\bin;C:\Program Files (x86)\NVIDIA Corporation\PhysX\Common;C:\Program Files\NVIDIA Corporation\NVIDIA NvDLISR;C:\Program Files\nodejs\;C:\ProgramData\chocolatey\bin;C:\Program Files (x86)\AOMEI\AOMEI Backupper\6.8.0;C:\Program Files\Git\cmd;E:\Users\Administrator\AppData\Local\Microsoft\WindowsApps;C:\Program Files\Bandizip\;E:\Users\Administrator\AppData\Roaming\npm

Yarn version: 
  1.22.17

Node version: 
  16.13.1

Platform: 
  win32 x64

Trace: 
  Error: EPERM: operation not permitted, unlink 'E:\Users\Administrator\Documents\Coding\paidCourse\complete-vuejs\node_modules\esbuild\esbuild.exe'

npm manifest: 
  {
    "name": "complete-vuejs-3",
    "version": "1.0.0",
    "main": "index.js",
    "license": "MIT",
    "scripts": {
      "form": "vite --config vite.config.js formvalidation/",
      "serve": "vue-cli-service serve",
      "build": "vue-cli-service build",
      "lint": "vue-cli-service lint"
    },
    "dependencies": {
      "@vue/compiler-sfc": "3.0.7",
      "vue": "^3.0.7",
      "vue-router": "4.0.5",
      "vuex": "4.0.0"
    },
    "devDependencies": {
      "@vitejs/plugin-vue": "1.1.5",
      "vite": "^2.1.1"
    },
    "peerDependencies": {
      "@vue/compiler-sfc": "^3.0.7"
    }
  }

yarn manifest: 
  No manifest

Lockfile: 
  # THIS IS AN AUTOGENERATED FILE. DO NOT EDIT THIS FILE DIRECTLY.
  # yarn lockfile v1
  
  
  "@babel/helper-validator-identifier@^7.12.11":
    "integrity" "sha512-np/lG3uARFybkoHokJUmf1QfEvRVCPbmQeUQpKow5cQ3xWrV9i3rUHodKDJPQfTVX61qKi+UdYk8kik84n7XOw=="
    "resolved" "https://registry.npmjs.org/@babel/helper-validator-identifier/-/helper-validator-identifier-7.12.11.tgz"
    "version" "7.12.11"
  
  "@babel/parser@^7.12.0":
    "integrity" "sha512-PhuoqeHoO9fc4ffMEVk4qb/w/s2iOSWohvbHxLtxui0eBg3Lg5gN1U8wp1V1u61hOWkPQJJyJzGH6Y+grwkq8Q=="
    "resolved" "https://registry.npmjs.org/@babel/parser/-/parser-7.13.11.tgz"
    "version" "7.13.11"
  
  "@babel/types@^7.12.0":
    "integrity" "sha512-hE+HE8rnG1Z6Wzo+MhaKE5lM5eMx71T4EHJgku2E3xIfaULhDcxiiRxUYgwX8qwP1BBSlag+TdGOt6JAidIZTA=="
    "resolved" "https://registry.npmjs.org/@babel/types/-/types-7.13.0.tgz"
    "version" "7.13.0"
    dependencies:
      "@babel/helper-validator-identifier" "^7.12.11"
      "lodash" "^4.17.19"
      "to-fast-properties" "^2.0.0"
  
  "@vitejs/plugin-vue@1.1.5":
    "integrity" "sha512-4DV8VPYo8/OR1YsnK39QN16xhKENt2XvcmJxqfRtyz75kvbjBYh1zTSHLp7XsXqv4R2I+fOZlbEBvxosMYLcPA=="
    "resolved" "https://registry.npmjs.org/@vitejs/plugin-vue/-/plugin-vue-1.1.5.tgz"
    "version" "1.1.5"
  
  "@vue/compiler-core@3.0.7":
    "integrity" "sha512-JFohgBXoyUc3mdeI2WxlhjQZ5fakfemJkZHX8Gu/nFbEg3+lKVUZmNKWmmnp9aOzJQZKoj77LjmFxiP+P+7lMQ=="
    "resolved" "https://registry.npmjs.org/@vue/compiler-core/-/compiler-core-3.0.7.tgz"
    "version" "3.0.7"
    dependencies:
      "@babel/parser" "^7.12.0"
      "@babel/types" "^7.12.0"
      "@vue/shared" "3.0.7"
      "estree-walker" "^2.0.1"
      "source-map" "^0.6.1"
  
  "@vue/compiler-dom@3.0.7":
    "integrity" "sha512-VnIH9EbWQm/Tkcp+8dCaNVsVvhm/vxCrIKWRkXY9215hTqOqQOvejT8IMjd2kc++nIsYMsdQk6H9qqBvoLe/Cw=="
    "resolved" "https://registry.npmjs.org/@vue/compiler-dom/-/compiler-dom-3.0.7.tgz"
    "version" "3.0.7"
    dependencies:
      "@vue/compiler-core" "3.0.7"
      "@vue/shared" "3.0.7"
  
  "@vue/compiler-sfc@^3.0.6", "@vue/compiler-sfc@3.0.7":
    "integrity" "sha512-37/QILpGE+J3V+bP9Slg9e6xGqfk+MmS2Yj8ChR4fS0/qWUU/YoYHE0GPIzjmBdH0JVOOmJqunxowIXmqNiHng=="
    "resolved" "https://registry.npmjs.org/@vue/compiler-sfc/-/compiler-sfc-3.0.7.tgz"
    "version" "3.0.7"
    dependencies:
      "@babel/parser" "^7.12.0"
      "@babel/types" "^7.12.0"
      "@vue/compiler-core" "3.0.7"
      "@vue/compiler-dom" "3.0.7"
      "@vue/compiler-ssr" "3.0.7"
      "@vue/shared" "3.0.7"
      "consolidate" "^0.16.0"
      "estree-walker" "^2.0.1"
      "hash-sum" "^2.0.0"
      "lru-cache" "^5.1.1"
      "magic-string" "^0.25.7"
      "merge-source-map" "^1.1.0"
      "postcss" "^8.1.10"
      "postcss-modules" "^4.0.0"
      "postcss-selector-parser" "^6.0.4"
      "source-map" "^0.6.1"
  
  "@vue/compiler-ssr@3.0.7":
    "integrity" "sha512-nHRbHeSpfXwjypettjrA16TjgfDcPEwq3m/zHnGyLC1QqdLtklXmpSM43/CPwwTCRa/qdt0pldJf22MiCEuTSQ=="
    "resolved" "https://registry.npmjs.org/@vue/compiler-ssr/-/compiler-ssr-3.0.7.tgz"
    "version" "3.0.7"
    dependencies:
      "@vue/compiler-dom" "3.0.7"
      "@vue/shared" "3.0.7"
  
  "@vue/reactivity@3.0.7":
    "integrity" "sha512-FotWcNNaKhqpFZrdgsUOZ1enlJ5lhTt01CNTtLSyK7jYFgZBTuw8vKsEutZKDYZ1XKotOfoeO8N3pZQqmM6Etw=="
    "resolved" "https://registry.npmjs.org/@vue/reactivity/-/reactivity-3.0.7.tgz"
    "version" "3.0.7"
    dependencies:
      "@vue/shared" "3.0.7"
  
  "@vue/runtime-core@3.0.7":
    "integrity" "sha512-DBAZAwVvdmMXuyd6/9qqj/kYr/GaLTmn1L2/QLxLwP+UfhIboiTSBc/tUUb8MRk7Bb98GzNeAWkkT6AfooS3dQ=="
    "resolved" "https://registry.npmjs.org/@vue/runtime-core/-/runtime-core-3.0.7.tgz"
    "version" "3.0.7"
    dependencies:
      "@vue/reactivity" "3.0.7"
      "@vue/shared" "3.0.7"
  
  "@vue/runtime-dom@3.0.7":
    "integrity" "sha512-Oij4ruOtnpQpCj+/Q3JPzgpTJ1Q7+N67pA53A8KVITEtxfvKL46NN6dhAZ5NGqwX6RWZpYqWQNewITeF0pHr8g=="
    "resolved" "https://registry.npmjs.org/@vue/runtime-dom/-/runtime-dom-3.0.7.tgz"
    "version" "3.0.7"
    dependencies:
      "@vue/runtime-core" "3.0.7"
      "@vue/shared" "3.0.7"
      "csstype" "^2.6.8"
  
  "@vue/shared@3.0.7":
    "integrity" "sha512-dn5FyfSc4ky424jH4FntiHno7Ss5yLkqKNmM/NXwANRnlkmqu74pnGetexDFVG5phMk9/FhwovUZCWGxsotVKg=="
    "resolved" "https://registry.npmjs.org/@vue/shared/-/shared-3.0.7.tgz"
    "version" "3.0.7"
  
  "big.js@^5.2.2":
    "integrity" "sha512-vyL2OymJxmarO8gxMr0mhChsO9QGwhynfuu4+MHTAW6czfq9humCB7rKpUjDd9YUiDPU4mzpyupFSvOClAwbmQ=="
    "resolved" "https://registry.npmjs.org/big.js/-/big.js-5.2.2.tgz"
    "version" "5.2.2"
  
  "bluebird@^3.7.2":
    "integrity" "sha512-XpNj6GDQzdfW+r2Wnn7xiSAd7TM3jzkxGXBGTtWKuSXv1xUV+azxAm8jdWZN06QTQk+2N2XB9jRDkvbmQmcRtg=="
    "resolved" "https://registry.npmjs.org/bluebird/-/bluebird-3.7.2.tgz"
    "version" "3.7.2"
  
  "colorette@^1.2.2":
    "integrity" "sha512-MKGMzyfeuutC/ZJ1cba9NqcNpfeqMUcYmyF1ZFY6/Cn7CNSAKx6a+s48sqLqyAiZuaP2TcqMhoo+dlwFnVxT9w=="
    "resolved" "https://registry.npmjs.org/colorette/-/colorette-1.2.2.tgz"
    "version" "1.2.2"
  
  "consolidate@^0.16.0":
    "integrity" "sha512-Nhl1wzCslqXYTJVDyJCu3ODohy9OfBMB5uD2BiBTzd7w+QY0lBzafkR8y8755yMYHAaMD4NuzbAw03/xzfw+eQ=="
    "resolved" "https://registry.npmjs.org/consolidate/-/consolidate-0.16.0.tgz"
    "version" "0.16.0"
    dependencies:
      "bluebird" "^3.7.2"
  
  "cssesc@^3.0.0":
    "integrity" "sha512-/Tb/JcjK111nNScGob5MNtsntNM1aCNUDipB/TkwZFhyDrrE47SOx/18wF2bbjgc3ZzCSKW1T5nt5EbFoAz/Vg=="
    "resolved" "https://registry.npmjs.org/cssesc/-/cssesc-3.0.0.tgz"
    "version" "3.0.0"
  
  "csstype@^2.6.8":
    "integrity" "sha512-61FBWoDHp/gRtsoDkq/B1nWrCUG/ok1E3tUrcNbZjsE9Cxd9yzUirjS3+nAATB8U4cTtaQmAHbNndoFz5L6C9Q=="
    "resolved" "https://registry.npmjs.org/csstype/-/csstype-2.6.16.tgz"
    "version" "2.6.16"
  
  "emojis-list@^3.0.0":
    "integrity" "sha512-/kyM18EfinwXZbno9FyUGeFh87KC8HRQBQGildHZbEuRyWFOmv1U10o9BBp8XVZDVNNuQKyIGIu5ZYAAXJ0V2Q=="
    "resolved" "https://registry.npmjs.org/emojis-list/-/emojis-list-3.0.0.tgz"
    "version" "3.0.0"
  
  "esbuild@^0.9.2":
    "integrity" "sha512-xE3oOILjnmN8PSjkG3lT9NBbd1DbxNqolJ5qNyrLhDWsFef3yTp/KTQz1C/x7BYFKbtrr9foYtKA6KA1zuNAUQ=="
    "resolved" "https://registry.npmjs.org/esbuild/-/esbuild-0.9.2.tgz"
    "version" "0.9.2"
  
  "estree-walker@^2.0.1":
    "integrity" "sha512-Rfkk/Mp/DL7JVje3u18FxFujQlTNR2q6QfMSMB7AvCBx91NGj/ba3kCfza0f6dVDbw7YlRf/nDrn7pQrCCyQ/w=="
    "resolved" "https://registry.npmjs.org/estree-walker/-/estree-walker-2.0.2.tgz"
    "version" "2.0.2"
  
  "function-bind@^1.1.1":
    "integrity" "sha512-yIovAzMX49sF8Yl58fSCWJ5svSLuaibPxXQJFLmBObTuCr0Mf1KiPopGM9NiFjiYBCbfaa2Fh6breQ6ANVTI0A=="
    "resolved" "https://registry.npmjs.org/function-bind/-/function-bind-1.1.1.tgz"
    "version" "1.1.1"
  
  "generic-names@^2.0.1":
    "integrity" "sha512-kPCHWa1m9wGG/OwQpeweTwM/PYiQLrUIxXbt/P4Nic3LbGjCP0YwrALHW1uNLKZ0LIMg+RF+XRlj2ekT9ZlZAQ=="
    "resolved" "https://registry.npmjs.org/generic-names/-/generic-names-2.0.1.tgz"
    "version" "2.0.1"
    dependencies:
      "loader-utils" "^1.1.0"
  
  "has@^1.0.3":
    "integrity" "sha512-f2dvO0VU6Oej7RkWJGrehjbzMAjFp5/VKPp5tTpWIV4JHHZK1/BxbFRtf/siA2SWTe09caDmVtYYzWEIbBS4zw=="
    "resolved" "https://registry.npmjs.org/has/-/has-1.0.3.tgz"
    "version" "1.0.3"
    dependencies:
      "function-bind" "^1.1.1"
  
  "hash-sum@^2.0.0":
    "integrity" "sha512-WdZTbAByD+pHfl/g9QSsBIIwy8IT+EsPiKDs0KNX+zSHhdDLFKdZu0BQHljvO+0QI/BasbMSUa8wYNCZTvhslg=="
    "resolved" "https://registry.npmjs.org/hash-sum/-/hash-sum-2.0.0.tgz"
    "version" "2.0.0"
  
  "icss-replace-symbols@^1.1.0":
    "integrity" "sha1-Bupvg2ead0njhs/h/oEq5dsiPe0="
    "resolved" "https://registry.npmjs.org/icss-replace-symbols/-/icss-replace-symbols-1.1.0.tgz"
    "version" "1.1.0"
  
  "icss-utils@^5.0.0":
    "integrity" "sha512-soFhflCVWLfRNOPU3iv5Z9VUdT44xFRbzjLsEzSr5AQmgqPMTHdU3PMT1Cf1ssx8fLNJDA1juftYl+PUcv3MqA=="
    "resolved" "https://registry.npmjs.org/icss-utils/-/icss-utils-5.1.0.tgz"
    "version" "5.1.0"
  
  "indexes-of@^1.0.1":
    "integrity" "sha1-8w9xbI4r00bHtn0985FVZqfAVgc="
    "resolved" "https://registry.npmjs.org/indexes-of/-/indexes-of-1.0.1.tgz"
    "version" "1.0.1"
  
  "is-core-module@^2.2.0":
    "integrity" "sha512-XRAfAdyyY5F5cOXn7hYQDqh2Xmii+DEfIcQGxK/uNwMHhIkPWO0g8msXcbzLe+MpGoR951MlqM/2iIlU4vKDdQ=="
    "resolved" "https://registry.npmjs.org/is-core-module/-/is-core-module-2.2.0.tgz"
    "version" "2.2.0"
    dependencies:
      "has" "^1.0.3"
  
  "json5@^1.0.1":
    "integrity" "sha512-aKS4WQjPenRxiQsC93MNfjx+nbF4PAdYzmd/1JIj8HYzqfbu86beTuNgXDzPknWk0n0uARlyewZo4s++ES36Ow=="
    "resolved" "https://registry.npmjs.org/json5/-/json5-1.0.1.tgz"
    "version" "1.0.1"
    dependencies:
      "minimist" "^1.2.0"
  
  "loader-utils@^1.1.0":
    "integrity" "sha512-qH0WSMBtn/oHuwjy/NucEgbx5dbxxnxup9s4PVXJUDHZBQY+s0NWA9rJf53RBnQZxfch7euUui7hpoAPvALZdA=="
    "resolved" "https://registry.npmjs.org/loader-utils/-/loader-utils-1.4.0.tgz"
    "version" "1.4.0"
    dependencies:
      "big.js" "^5.2.2"
      "emojis-list" "^3.0.0"
      "json5" "^1.0.1"
  
  "lodash.camelcase@^4.3.0":
    "integrity" "sha1-soqmKIorn8ZRA1x3EfZathkDMaY="
    "resolved" "https://registry.npmjs.org/lodash.camelcase/-/lodash.camelcase-4.3.0.tgz"
    "version" "4.3.0"
  
  "lodash@^4.17.19":
    "integrity" "sha512-v2kDEe57lecTulaDIuNTPy3Ry4gLGJ6Z1O3vE1krgXZNrsQ+LFTGHVxVjcXPs17LhbZVGedAJv8XZ1tvj5FvSg=="
    "resolved" "https://registry.npmjs.org/lodash/-/lodash-4.17.21.tgz"
    "version" "4.17.21"
  
  "lru-cache@^5.1.1":
    "integrity" "sha512-KpNARQA3Iwv+jTA0utUVVbrh+Jlrr1Fv0e56GGzAFOXN7dk/FviaDW8LHmK52DlcH4WP2n6gI8vN1aesBFgo9w=="
    "resolved" "https://registry.npmjs.org/lru-cache/-/lru-cache-5.1.1.tgz"
    "version" "5.1.1"
    dependencies:
      "yallist" "^3.0.2"
  
  "magic-string@^0.25.7":
    "integrity" "sha512-4CrMT5DOHTDk4HYDlzmwu4FVCcIYI8gauveasrdCu2IKIFOJ3f0v/8MDGJCDL9oD2ppz/Av1b0Nj345H9M+XIA=="
    "resolved" "https://registry.npmjs.org/magic-string/-/magic-string-0.25.7.tgz"
    "version" "0.25.7"
    dependencies:
      "sourcemap-codec" "^1.4.4"
  
  "merge-source-map@^1.1.0":
    "integrity" "sha512-Qkcp7P2ygktpMPh2mCQZaf3jhN6D3Z/qVZHSdWvQ+2Ef5HgRAPBO57A77+ENm0CPx2+1Ce/MYKi3ymqdfuqibw=="
    "resolved" "https://registry.npmjs.org/merge-source-map/-/merge-source-map-1.1.0.tgz"
    "version" "1.1.0"
    dependencies:
      "source-map" "^0.6.1"
  
  "minimist@^1.2.0":
    "integrity" "sha512-FM9nNUYrRBAELZQT3xeZQ7fmMOBg6nWNmJKTcgsJeaLstP/UODVpGsr5OhXhhXg6f+qtJ8uiZ+PUxkDWcgIXLw=="
    "resolved" "https://registry.npmjs.org/minimist/-/minimist-1.2.5.tgz"
    "version" "1.2.5"
  
  "nanoid@^3.1.20":
    "integrity" "sha512-/2ZUaJX2ANuLtTvqTlgqBQNJoQO398KyJgZloL0PZkC0dpysjncRUPsFe3DUPzz/y3h+u7C46np8RMuvF3jsSQ=="
    "resolved" "https://registry.npmjs.org/nanoid/-/nanoid-3.1.22.tgz"
    "version" "3.1.22"
  
  "path-parse@^1.0.6":
    "integrity" "sha512-GSmOT2EbHrINBf9SR7CDELwlJ8AENk3Qn7OikK4nFYAu3Ote2+JYNVvkpAEQm3/TLNEJFD/xZJjzyxg3KBWOzw=="
    "resolved" "https://registry.npmjs.org/path-parse/-/path-parse-1.0.6.tgz"
    "version" "1.0.6"
  
  "postcss-modules-extract-imports@^3.0.0":
    "integrity" "sha512-bdHleFnP3kZ4NYDhuGlVK+CMrQ/pqUm8bx/oGL93K6gVwiclvX5x0n76fYMKuIGKzlABOy13zsvqjb0f92TEXw=="
    "resolved" "https://registry.npmjs.org/postcss-modules-extract-imports/-/postcss-modules-extract-imports-3.0.0.tgz"
    "version" "3.0.0"
  
  "postcss-modules-local-by-default@^4.0.0":
    "integrity" "sha512-sT7ihtmGSF9yhm6ggikHdV0hlziDTX7oFoXtuVWeDd3hHObNkcHRo9V3yg7vCAY7cONyxJC/XXCmmiHHcvX7bQ=="
    "resolved" "https://registry.npmjs.org/postcss-modules-local-by-default/-/postcss-modules-local-by-default-4.0.0.tgz"
    "version" "4.0.0"
    dependencies:
      "icss-utils" "^5.0.0"
      "postcss-selector-parser" "^6.0.2"
      "postcss-value-parser" "^4.1.0"
  
  "postcss-modules-scope@^3.0.0":
    "integrity" "sha512-hncihwFA2yPath8oZ15PZqvWGkWf+XUfQgUGamS4LqoP1anQLOsOJw0vr7J7IwLpoY9fatA2qiGUGmuZL0Iqlg=="
    "resolved" "https://registry.npmjs.org/postcss-modules-scope/-/postcss-modules-scope-3.0.0.tgz"
    "version" "3.0.0"
    dependencies:
      "postcss-selector-parser" "^6.0.4"
  
  "postcss-modules-values@^4.0.0":
    "integrity" "sha512-RDxHkAiEGI78gS2ofyvCsu7iycRv7oqw5xMWn9iMoR0N/7mf9D50ecQqUo5BZ9Zh2vH4bCUR/ktCqbB9m8vJjQ=="
    "resolved" "https://registry.npmjs.org/postcss-modules-values/-/postcss-modules-values-4.0.0.tgz"
    "version" "4.0.0"
    dependencies:
      "icss-utils" "^5.0.0"
  
  "postcss-modules@^4.0.0":
    "integrity" "sha512-ghS/ovDzDqARm4Zj6L2ntadjyQMoyJmi0JkLlYtH2QFLrvNlxH5OAVRPWPeKilB0pY7SbuhO173KOWkPAxRJcw=="
    "resolved" "https://registry.npmjs.org/postcss-modules/-/postcss-modules-4.0.0.tgz"
    "version" "4.0.0"
    dependencies:
      "generic-names" "^2.0.1"
      "icss-replace-symbols" "^1.1.0"
      "lodash.camelcase" "^4.3.0"
      "postcss-modules-extract-imports" "^3.0.0"
      "postcss-modules-local-by-default" "^4.0.0"
      "postcss-modules-scope" "^3.0.0"
      "postcss-modules-values" "^4.0.0"
      "string-hash" "^1.1.1"
  
  "postcss-selector-parser@^6.0.2", "postcss-selector-parser@^6.0.4":
    "integrity" "sha512-gjMeXBempyInaBqpp8gODmwZ52WaYsVOsfr4L4lDQ7n3ncD6mEyySiDtgzCT+NYC0mmeOLvtsF8iaEf0YT6dBw=="
    "resolved" "https://registry.npmjs.org/postcss-selector-parser/-/postcss-selector-parser-6.0.4.tgz"
    "version" "6.0.4"
    dependencies:
      "cssesc" "^3.0.0"
      "indexes-of" "^1.0.1"
      "uniq" "^1.0.1"
      "util-deprecate" "^1.0.2"
  
  "postcss-value-parser@^4.1.0":
    "integrity" "sha512-97DXOFbQJhk71ne5/Mt6cOu6yxsSfM0QGQyl0L25Gca4yGWEGJaig7l7gbCX623VqTBNGLRLaVUCnNkcedlRSQ=="
    "resolved" "https://registry.npmjs.org/postcss-value-parser/-/postcss-value-parser-4.1.0.tgz"
    "version" "4.1.0"
  
  "postcss@^8.0.0", "postcss@^8.1.0", "postcss@^8.1.10", "postcss@^8.2.1":
    "integrity" "sha512-1F0Xb2T21xET7oQV9eKuctbM9S7BC0fetoHCc4H13z0PT6haiRLP4T0ZY4XWh7iLP0usgqykT6p9B2RtOf4FPw=="
    "resolved" "https://registry.npmjs.org/postcss/-/postcss-8.2.8.tgz"
    "version" "8.2.8"
    dependencies:
      "colorette" "^1.2.2"
      "nanoid" "^3.1.20"
      "source-map" "^0.6.1"
  
  "resolve@^1.19.0":
    "integrity" "sha512-wENBPt4ySzg4ybFQW2TT1zMQucPK95HSh/nq2CFTZVOGut2+pQvSsgtda4d26YrYcr067wjbmzOG8byDPBX63A=="
    "resolved" "https://registry.npmjs.org/resolve/-/resolve-1.20.0.tgz"
    "version" "1.20.0"
    dependencies:
      "is-core-module" "^2.2.0"
      "path-parse" "^1.0.6"
  
  "rollup@^2.38.5":
    "integrity" "sha512-f9IHfMO8p2Y8OdisI7Oj3oKkPuaQ6cgSwYqAi0TDvP3w2p+oX1VejX/w28a1h8WTnrapzfO5d4Uqhww+gL0b0g=="
    "resolved" "https://registry.npmjs.org/rollup/-/rollup-2.41.4.tgz"
    "version" "2.41.4"
    optionalDependencies:
      "fsevents" "~2.3.1"
  
  "source-map@^0.6.1":
    "integrity" "sha512-UjgapumWlbMhkBgzT7Ykc5YXUT46F0iKu8SGXq0bcwP5dz/h0Plj6enJqjz1Zbq2l5WaqYnrVbwWOWMyF3F47g=="
    "resolved" "https://registry.npmjs.org/source-map/-/source-map-0.6.1.tgz"
    "version" "0.6.1"
  
  "sourcemap-codec@^1.4.4":
    "integrity" "sha512-9NykojV5Uih4lgo5So5dtw+f0JgJX30KCNI8gwhz2J9A15wD0Ml6tjHKwf6fTSa6fAdVBdZeNOs9eJ71qCk8vA=="
    "resolved" "https://registry.npmjs.org/sourcemap-codec/-/sourcemap-codec-1.4.8.tgz"
    "version" "1.4.8"
  
  "string-hash@^1.1.1":
    "integrity" "sha1-6Kr8CsGFW0Zmkp7X3RJ1311sgRs="
    "resolved" "https://registry.npmjs.org/string-hash/-/string-hash-1.1.3.tgz"
    "version" "1.1.3"
  
  "to-fast-properties@^2.0.0":
    "integrity" "sha1-3F5pjL0HkmW8c+A3doGk5Og/YW4="
    "resolved" "https://registry.npmjs.org/to-fast-properties/-/to-fast-properties-2.0.0.tgz"
    "version" "2.0.0"
  
  "uniq@^1.0.1":
    "integrity" "sha1-sxxa6CVIRKOoKBVBzisEuGWnNP8="
    "resolved" "https://registry.npmjs.org/uniq/-/uniq-1.0.1.tgz"
    "version" "1.0.1"
  
  "util-deprecate@^1.0.2":
    "integrity" "sha1-RQ1Nyfpw3nMnYvvS1KKJgUGaDM8="
    "resolved" "https://registry.npmjs.org/util-deprecate/-/util-deprecate-1.0.2.tgz"
    "version" "1.0.2"
  
  "vite@^2.1.1":
    "integrity" "sha512-nlTQrfYIkahcElD8O/oogbLbuKgAZRbvoFOth3GmRSglfPdY4RgfBjj0Fu7HeCU/2u3Jxc6jW4UuV22LGw1Yaw=="
    "resolved" "https://registry.npmjs.org/vite/-/vite-2.1.1.tgz"
    "version" "2.1.1"
    dependencies:
      "esbuild" "^0.9.2"
      "postcss" "^8.2.1"
      "resolve" "^1.19.0"
      "rollup" "^2.38.5"
    optionalDependencies:
      "fsevents" "~2.3.1"
  
  "vue-router@4.0.5":
    "integrity" "sha512-AQq+pllb6FCc7rS6vh4PPcce3XA1jgK3hKNkQ4hXHwoVN7jOeAOMKCnX7XAX3etV9rmN7iNW8iIwgPk95ckBjw=="
    "resolved" "https://registry.npmjs.org/vue-router/-/vue-router-4.0.5.tgz"
    "version" "4.0.5"
  
  "vue@^3.0.0", "vue@^3.0.2", "vue@^3.0.7", "vue@3.0.7":
    "integrity" "sha512-8h4TikD+JabbMK9aRlBO4laG0AtNHRPHynxYgWZ9sq1YUPfzynd9Jeeb27XNyZytC7aCQRX9xe1+TQJuc181Tw=="
    "resolved" "https://registry.npmjs.org/vue/-/vue-3.0.7.tgz"
    "version" "3.0.7"
    dependencies:
      "@vue/compiler-dom" "3.0.7"
      "@vue/runtime-dom" "3.0.7"
      "@vue/shared" "3.0.7"
  
  "vuex@4.0.0":
    "integrity" "sha512-56VPujlHscP5q/e7Jlpqc40sja4vOhC4uJD1llBCWolVI8ND4+VzisDVkUMl+z5y0MpIImW6HjhNc+ZvuizgOw=="
    "resolved" "https://registry.npmjs.org/vuex/-/vuex-4.0.0.tgz"
    "version" "4.0.0"
  
  "yallist@^3.0.2":
    "integrity" "sha512-a4UGQaWPH59mOXUYnAG2ewncQS4i4F43Tv3JoAM+s2VDAmS9NsK8GpDMLrCHPksFT7h3K6TOoUNn2pb7RoXx4g=="
    "resolved" "https://registry.npmjs.org/yallist/-/yallist-3.1.1.tgz"
    "version" "3.1.1"
